2021-10-01 10:36:10.503   Browser Version : 94.0.4606.61,  Driver Version : 95.0.4638.17
2021-10-01 10:36:12.368   Page Error
2021-10-01 10:36:47.010   Browser Version : 94.0.4606.61,  Driver Version : 92.0.4515.43
2021-10-01 10:36:47.010   Please update to the latest version of Google Chrome and chromedriver.exe.  
 You can download chromedriver.exe from here https://chromedriver.chromium.org/downloads
2021-10-01 10:37:32.922   Browser Version : 94.0.4606.61,  Driver Version : 94.0.4606.61
2021-10-01 10:41:06.948   Auto Betting Stopped
2021-10-01 10:41:09.907   InitParentFrame : stale element reference: element is not attached to the page document
  (Session info: chrome=94.0.4606.61)
2021-10-01 10:41:09.907   Please Select Table
2021-10-01 10:41:23.562   InitParentFrame : stale element reference: element is not attached to the page document
  (Session info: chrome=94.0.4606.61)
2021-10-01 10:41:23.562   Please Select Table
2021-10-01 10:41:32.386   InitParentFrame : invalid session id
2021-10-01 10:41:32.387   Please Select Table
2021-10-01 10:41:35.920   Browser Version : 94.0.4606.61,  Driver Version : 94.0.4606.61
2021-10-01 10:44:45.746   Auto Betting Stopped
2021-10-01 10:44:46.896   InitParentFrame : stale element reference: element is not attached to the page document
  (Session info: chrome=94.0.4606.61)
2021-10-01 10:44:46.896   Please Select Table
2021-10-01 10:45:05.273   InitParentFrame : stale element reference: element is not attached to the page document
  (Session info: chrome=94.0.4606.61)
2021-10-01 10:45:05.278   Please Select Table
2021-10-01 10:45:24.529   InitParentFrame : stale element reference: element is not attached to the page document
  (Session info: chrome=94.0.4606.61)
2021-10-01 10:45:40.108   Please Select Table
2021-10-01 10:55:16.421   Browser Version : 94.0.4606.71,  Driver Version : 95.0.4638.17
2021-10-01 10:55:17.981   Page Error
2021-11-14 11:01:24.906   Browser Version : 95.0.4638.69,  Driver Version : 94.0.4606.61
2021-11-14 11:01:24.907   Please update to the latest version of Google Chrome and chromedriver.exe.  
 You can download chromedriver.exe from here https://chromedriver.chromium.org/downloads
2021-11-14 11:02:05.821   Browser Version : 95.0.4638.69,  Driver Version : 95.0.4638.17
2021-11-14 11:03:59.154   Browser Version : 95.0.4638.69,  Driver Version : 95.0.4638.17
2021-11-15 00:08:07.721   Browser Version : 95.0.4638.69,  Driver Version : 95.0.4638.17
2021-11-15 13:39:10.923   Browser Version : 95.0.4638.69,  Driver Version : 95.0.4638.17
2021-12-16 08:12:56.832   Please open page
